{"level":"debug","message":"apiRoot=/category","timestamp":"2017-11-22T10:26:40.737Z"}
{"level":"info","message":"Categories API initialized.","timestamp":"2017-11-22T10:26:40.769Z"}
{"level":"info","message":"Database has been initialized successfully.","timestamp":"2017-11-22T10:26:40.794Z"}
{"level":"info","message":"Server started on port 3000 successfully.","timestamp":"2017-11-22T10:26:40.802Z"}
{"level":"debug","message":"Update category...","timestamp":"2017-11-22T10:26:48.707Z"}
{"level":"debug","message":"Updated category has been successfully saved with id 1511346408707.","timestamp":"2017-11-22T10:26:48.729Z"}
{"level":"debug","message":"Retrieving every category...","timestamp":"2017-11-22T10:26:49.206Z"}
{"level":"debug","message":"Retrieving every category...","timestamp":"2017-11-22T10:26:49.208Z"}
{"level":"debug","message":"Found 6 categories.","timestamp":"2017-11-22T10:26:49.209Z"}
{"level":"debug","message":"Found 6 categories.","timestamp":"2017-11-22T10:26:49.211Z"}
{"level":"debug","message":"Update category...","timestamp":"2017-11-22T10:27:03.188Z"}
{"level":"debug","message":"Updated category has been successfully saved with id 1511346423189.","timestamp":"2017-11-22T10:27:03.191Z"}
{"level":"debug","message":"Retrieving every category...","timestamp":"2017-11-22T10:27:03.210Z"}
{"level":"debug","message":"Found 6 categories.","timestamp":"2017-11-22T10:27:03.210Z"}
{"level":"debug","message":"apiRoot=/category","timestamp":"2017-11-22T10:30:09.571Z"}
{"level":"info","message":"Categories API initialized.","timestamp":"2017-11-22T10:30:09.607Z"}
{"level":"info","message":"Database has been initialized successfully.","timestamp":"2017-11-22T10:30:09.635Z"}
{"level":"info","message":"Server started on port 3000 successfully.","timestamp":"2017-11-22T10:30:09.643Z"}
{"level":"debug","message":"apiRoot=/category","timestamp":"2017-11-22T10:30:50.443Z"}
{"level":"info","message":"Categories API initialized.","timestamp":"2017-11-22T10:30:50.480Z"}
{"level":"info","message":"Database has been initialized successfully.","timestamp":"2017-11-22T10:30:50.502Z"}
{"level":"info","message":"Server started on port 3000 successfully.","timestamp":"2017-11-22T10:30:50.510Z"}
{"level":"debug","message":"apiRoot=/category","timestamp":"2017-11-22T10:31:32.426Z"}
{"level":"info","message":"Categories API initialized.","timestamp":"2017-11-22T10:31:32.462Z"}
{"level":"info","message":"Database has been initialized successfully.","timestamp":"2017-11-22T10:31:32.486Z"}
{"level":"info","message":"Server started on port 3000 successfully.","timestamp":"2017-11-22T10:31:32.494Z"}
{"level":"debug","message":"apiRoot=/category","timestamp":"2017-11-22T10:32:06.734Z"}
{"level":"info","message":"Categories API initialized.","timestamp":"2017-11-22T10:32:06.767Z"}
{"level":"info","message":"Database has been initialized successfully.","timestamp":"2017-11-22T10:32:06.789Z"}
{"level":"info","message":"Server started on port 3000 successfully.","timestamp":"2017-11-22T10:32:06.797Z"}
{"level":"debug","message":"apiRoot=/category","timestamp":"2017-11-22T10:32:32.711Z"}
{"level":"info","message":"Categories API initialized.","timestamp":"2017-11-22T10:32:32.739Z"}
{"level":"info","message":"Database has been initialized successfully.","timestamp":"2017-11-22T10:32:32.756Z"}
{"level":"info","message":"Server started on port 3000 successfully.","timestamp":"2017-11-22T10:32:32.764Z"}
{"level":"debug","message":"apiRoot=/category","timestamp":"2017-11-22T10:34:52.245Z"}
{"level":"info","message":"Categories API initialized.","timestamp":"2017-11-22T10:34:52.279Z"}
{"level":"info","message":"Database has been initialized successfully.","timestamp":"2017-11-22T10:34:52.305Z"}
{"level":"info","message":"Server started on port 3000 successfully.","timestamp":"2017-11-22T10:34:52.314Z"}
{"level":"debug","message":"apiRoot=/category","timestamp":"2017-11-22T10:35:03.572Z"}
{"level":"info","message":"Categories API initialized.","timestamp":"2017-11-22T10:35:03.609Z"}
{"level":"info","message":"Database has been initialized successfully.","timestamp":"2017-11-22T10:35:03.638Z"}
{"level":"info","message":"Server started on port 3000 successfully.","timestamp":"2017-11-22T10:35:03.645Z"}
{"level":"debug","message":"apiRoot=/category","timestamp":"2017-11-22T10:35:23.298Z"}
{"level":"info","message":"Categories API initialized.","timestamp":"2017-11-22T10:35:23.328Z"}
{"level":"info","message":"Database has been initialized successfully.","timestamp":"2017-11-22T10:35:23.356Z"}
{"level":"info","message":"Server started on port 3000 successfully.","timestamp":"2017-11-22T10:35:23.365Z"}
{"level":"debug","message":"apiRoot=/category","timestamp":"2017-11-22T10:39:22.931Z"}
{"level":"info","message":"Categories API initialized.","timestamp":"2017-11-22T10:39:22.967Z"}
{"level":"info","message":"Database has been initialized successfully.","timestamp":"2017-11-22T10:39:22.990Z"}
{"level":"info","message":"Server started on port 3000 successfully.","timestamp":"2017-11-22T10:39:22.998Z"}
{"level":"debug","message":"apiRoot=/category","timestamp":"2017-11-22T10:39:30.427Z"}
{"level":"info","message":"Categories API initialized.","timestamp":"2017-11-22T10:39:30.455Z"}
{"level":"info","message":"Database has been initialized successfully.","timestamp":"2017-11-22T10:39:30.477Z"}
{"level":"info","message":"Server started on port 3000 successfully.","timestamp":"2017-11-22T10:39:30.485Z"}
{"level":"debug","message":"Retrieving every category...","timestamp":"2017-11-22T10:39:35.872Z"}
{"level":"debug","message":"Retrieving every category...","timestamp":"2017-11-22T10:39:35.876Z"}
{"level":"debug","message":"Found 6 categories.","timestamp":"2017-11-22T10:39:35.878Z"}
{"level":"debug","message":"Found 6 categories.","timestamp":"2017-11-22T10:39:35.889Z"}
{"level":"debug","message":"Update category...","timestamp":"2017-11-22T10:39:46.040Z"}
{"level":"debug","message":"Updated %d elements.0","timestamp":"2017-11-22T10:39:46.044Z"}
{"level":"debug","message":"apiRoot=/category","timestamp":"2017-11-22T10:40:37.260Z"}
{"level":"info","message":"Categories API initialized.","timestamp":"2017-11-22T10:40:37.307Z"}
{"level":"info","message":"Database has been initialized successfully.","timestamp":"2017-11-22T10:40:37.334Z"}
{"level":"info","message":"Server started on port 3000 successfully.","timestamp":"2017-11-22T10:40:37.342Z"}
{"level":"debug","message":"apiRoot=/category","timestamp":"2017-11-22T10:41:26.427Z"}
{"level":"info","message":"Categories API initialized.","timestamp":"2017-11-22T10:41:26.476Z"}
{"level":"info","message":"Database has been initialized successfully.","timestamp":"2017-11-22T10:41:26.507Z"}
{"level":"info","message":"Server started on port 3000 successfully.","timestamp":"2017-11-22T10:41:26.518Z"}
{"level":"debug","message":"apiRoot=/category","timestamp":"2017-11-22T10:42:46.503Z"}
{"level":"info","message":"Categories API initialized.","timestamp":"2017-11-22T10:42:46.533Z"}
{"level":"info","message":"Database has been initialized successfully.","timestamp":"2017-11-22T10:42:46.554Z"}
{"level":"info","message":"Server started on port 3000 successfully.","timestamp":"2017-11-22T10:42:46.567Z"}
{"level":"debug","message":"apiRoot=/category","timestamp":"2017-11-22T10:43:16.695Z"}
{"level":"info","message":"Categories API initialized.","timestamp":"2017-11-22T10:43:16.727Z"}
{"level":"info","message":"Database has been initialized successfully.","timestamp":"2017-11-22T10:43:16.750Z"}
{"level":"info","message":"Server started on port 3000 successfully.","timestamp":"2017-11-22T10:43:16.761Z"}
{"level":"debug","message":"apiRoot=/category","timestamp":"2017-11-22T10:43:19.819Z"}
{"level":"info","message":"Categories API initialized.","timestamp":"2017-11-22T10:43:19.851Z"}
{"level":"info","message":"Database has been initialized successfully.","timestamp":"2017-11-22T10:43:19.876Z"}
{"level":"info","message":"Server started on port 3000 successfully.","timestamp":"2017-11-22T10:43:19.887Z"}
{"level":"debug","message":"Retrieving every category...","timestamp":"2017-11-22T10:43:25.214Z"}
{"level":"debug","message":"Retrieving every category...","timestamp":"2017-11-22T10:43:25.216Z"}
{"level":"debug","message":"Found 6 categories.","timestamp":"2017-11-22T10:43:25.218Z"}
{"level":"debug","message":"Found 6 categories.","timestamp":"2017-11-22T10:43:25.221Z"}
{"level":"debug","message":"Update category...","timestamp":"2017-11-22T10:43:54.638Z"}
{"level":"debug","message":"Updated 0 elements.","timestamp":"2017-11-22T10:43:54.643Z"}
{"level":"debug","message":"apiRoot=/category","timestamp":"2017-11-22T10:46:17.257Z"}
{"level":"info","message":"Categories API initialized.","timestamp":"2017-11-22T10:46:17.285Z"}
{"level":"info","message":"Database has been initialized successfully.","timestamp":"2017-11-22T10:46:17.310Z"}
{"level":"info","message":"Server started on port 3000 successfully.","timestamp":"2017-11-22T10:46:17.319Z"}
{"level":"debug","message":"Retrieving every category...","timestamp":"2017-11-22T10:46:23.263Z"}
{"level":"debug","message":"Retrieving every category...","timestamp":"2017-11-22T10:46:23.268Z"}
{"level":"debug","message":"Found 6 categories.","timestamp":"2017-11-22T10:46:23.270Z"}
{"level":"debug","message":"Found 6 categories.","timestamp":"2017-11-22T10:46:23.275Z"}
{"level":"debug","message":"Update category...","timestamp":"2017-11-22T10:47:02.325Z"}
{"level":"debug","message":"Updated 0 elements.","timestamp":"2017-11-22T10:47:02.331Z"}
{"level":"debug","message":"Retrieving every category...","timestamp":"2017-11-22T10:47:35.752Z"}
{"level":"debug","message":"Retrieving every category...","timestamp":"2017-11-22T10:47:35.757Z"}
{"level":"debug","message":"Found 6 categories.","timestamp":"2017-11-22T10:47:35.757Z"}
{"level":"debug","message":"Found 6 categories.","timestamp":"2017-11-22T10:47:35.758Z"}
{"level":"debug","message":"apiRoot=/category","timestamp":"2017-11-22T10:48:57.561Z"}
{"level":"info","message":"Categories API initialized.","timestamp":"2017-11-22T10:48:57.594Z"}
{"level":"info","message":"Database has been initialized successfully.","timestamp":"2017-11-22T10:48:57.617Z"}
{"level":"info","message":"Server started on port 3000 successfully.","timestamp":"2017-11-22T10:48:57.624Z"}
{"level":"debug","message":"apiRoot=/category","timestamp":"2017-11-22T10:49:07.508Z"}
{"level":"info","message":"Categories API initialized.","timestamp":"2017-11-22T10:49:07.536Z"}
{"level":"info","message":"Database has been initialized successfully.","timestamp":"2017-11-22T10:49:07.559Z"}
{"level":"info","message":"Server started on port 3000 successfully.","timestamp":"2017-11-22T10:49:07.567Z"}
{"level":"debug","message":"Retrieving every category...","timestamp":"2017-11-22T10:49:13.655Z"}
{"level":"debug","message":"Retrieving every category...","timestamp":"2017-11-22T10:49:13.658Z"}
{"level":"debug","message":"Found 6 categories.","timestamp":"2017-11-22T10:49:13.660Z"}
{"level":"debug","message":"Found 6 categories.","timestamp":"2017-11-22T10:49:13.664Z"}
{"level":"debug","message":"Update category...","timestamp":"2017-11-22T10:49:58.898Z"}
{"level":"debug","message":"Updated 0 elements.","timestamp":"2017-11-22T10:49:58.902Z"}
{"level":"debug","message":"Update category...","timestamp":"2017-11-22T10:51:01.720Z"}
{"level":"debug","message":"Updated 0 elements.","timestamp":"2017-11-22T10:51:01.721Z"}
{"level":"debug","message":"apiRoot=/category","timestamp":"2017-11-22T10:51:21.936Z"}
{"level":"info","message":"Categories API initialized.","timestamp":"2017-11-22T10:51:21.964Z"}
{"level":"info","message":"Database has been initialized successfully.","timestamp":"2017-11-22T10:51:21.984Z"}
{"level":"info","message":"Server started on port 3000 successfully.","timestamp":"2017-11-22T10:51:21.991Z"}
{"level":"debug","message":"Retrieving every category...","timestamp":"2017-11-22T10:51:38.932Z"}
{"level":"debug","message":"Found 6 categories.","timestamp":"2017-11-22T10:51:38.936Z"}
{"level":"debug","message":"Retrieving every category...","timestamp":"2017-11-22T10:51:38.940Z"}
{"level":"debug","message":"Found 6 categories.","timestamp":"2017-11-22T10:51:38.941Z"}
{"level":"debug","message":"Update category...","timestamp":"2017-11-22T10:53:01.670Z"}
{"level":"debug","message":"Updated 0 elements.","timestamp":"2017-11-22T10:53:01.675Z"}
{"level":"debug","message":"apiRoot=/category","timestamp":"2017-11-22T10:58:46.269Z"}
{"level":"info","message":"Categories API initialized.","timestamp":"2017-11-22T10:58:46.300Z"}
{"level":"info","message":"Database has been initialized successfully.","timestamp":"2017-11-22T10:58:46.327Z"}
{"level":"info","message":"Server started on port 3000 successfully.","timestamp":"2017-11-22T10:58:46.336Z"}
{"level":"debug","message":"apiRoot=/category","timestamp":"2017-11-22T10:59:58.286Z"}
{"level":"info","message":"Categories API initialized.","timestamp":"2017-11-22T10:59:58.315Z"}
{"level":"info","message":"Database has been initialized successfully.","timestamp":"2017-11-22T10:59:58.335Z"}
{"level":"info","message":"Server started on port 3000 successfully.","timestamp":"2017-11-22T10:59:58.345Z"}
{"level":"debug","message":"Retrieving every category...","timestamp":"2017-11-22T11:00:05.228Z"}
{"level":"debug","message":"Found 6 categories.","timestamp":"2017-11-22T11:00:05.234Z"}
{"level":"debug","message":"Retrieving every category...","timestamp":"2017-11-22T11:00:05.238Z"}
{"level":"debug","message":"Found 6 categories.","timestamp":"2017-11-22T11:00:05.239Z"}
{"level":"debug","message":"Update category...","timestamp":"2017-11-22T11:00:21.331Z"}
{"level":"debug","message":"Updated 1 elements.","timestamp":"2017-11-22T11:00:21.339Z"}
{"level":"debug","message":"apiRoot=/category","timestamp":"2017-11-22T11:01:31.613Z"}
{"level":"info","message":"Categories API initialized.","timestamp":"2017-11-22T11:01:31.672Z"}
{"level":"info","message":"Database has been initialized successfully.","timestamp":"2017-11-22T11:01:31.697Z"}
{"level":"info","message":"Server started on port 3000 successfully.","timestamp":"2017-11-22T11:01:31.706Z"}
{"level":"debug","message":"apiRoot=/category","timestamp":"2017-11-22T11:02:32.887Z"}
{"level":"info","message":"Categories API initialized.","timestamp":"2017-11-22T11:02:32.917Z"}
{"level":"info","message":"Database has been initialized successfully.","timestamp":"2017-11-22T11:02:32.940Z"}
{"level":"info","message":"Server started on port 3000 successfully.","timestamp":"2017-11-22T11:02:32.952Z"}
{"level":"debug","message":"apiRoot=/category","timestamp":"2017-11-22T11:02:36.208Z"}
{"level":"info","message":"Categories API initialized.","timestamp":"2017-11-22T11:02:36.244Z"}
{"level":"info","message":"Database has been initialized successfully.","timestamp":"2017-11-22T11:02:36.272Z"}
{"level":"info","message":"Server started on port 3000 successfully.","timestamp":"2017-11-22T11:02:36.281Z"}
{"level":"debug","message":"Retrieving every category...","timestamp":"2017-11-22T11:02:41.638Z"}
{"level":"debug","message":"Retrieving every category...","timestamp":"2017-11-22T11:02:41.642Z"}
{"level":"debug","message":"Found 6 categories.","timestamp":"2017-11-22T11:02:41.645Z"}
{"level":"debug","message":"Found 6 categories.","timestamp":"2017-11-22T11:02:41.651Z"}
{"level":"debug","message":"Update category...","timestamp":"2017-11-22T11:02:50.343Z"}
{"level":"debug","message":"Retrieving every category...","timestamp":"2017-11-22T11:02:50.364Z"}
{"level":"debug","message":"Found 6 categories.","timestamp":"2017-11-22T11:02:50.365Z"}
{"level":"debug","message":"Update category...","timestamp":"2017-11-22T11:03:21.289Z"}
{"level":"debug","message":"Retrieving every category...","timestamp":"2017-11-22T11:03:21.305Z"}
{"level":"debug","message":"Found 6 categories.","timestamp":"2017-11-22T11:03:21.306Z"}
{"level":"debug","message":"Retrieving every category...","timestamp":"2017-11-22T11:03:29.786Z"}
{"level":"debug","message":"Found 6 categories.","timestamp":"2017-11-22T11:03:29.786Z"}
{"level":"debug","message":"Retrieving every category...","timestamp":"2017-11-22T11:03:29.788Z"}
{"level":"debug","message":"Found 6 categories.","timestamp":"2017-11-22T11:03:29.788Z"}
{"level":"debug","message":"Retrieving every category...","timestamp":"2017-11-22T11:40:09.497Z"}
{"level":"debug","message":"Retrieving every category...","timestamp":"2017-11-22T11:40:09.499Z"}
{"level":"debug","message":"Found 6 categories.","timestamp":"2017-11-22T11:40:09.499Z"}
{"level":"debug","message":"Found 6 categories.","timestamp":"2017-11-22T11:40:09.500Z"}
{"level":"debug","message":"Update category...","timestamp":"2017-11-22T11:40:22.631Z"}
{"level":"debug","message":"Retrieving every category...","timestamp":"2017-11-22T11:40:22.651Z"}
{"level":"debug","message":"Found 6 categories.","timestamp":"2017-11-22T11:40:22.652Z"}
{"level":"debug","message":"Update category...","timestamp":"2017-11-22T11:40:36.477Z"}
{"level":"debug","message":"Retrieving every category...","timestamp":"2017-11-22T11:40:36.492Z"}
{"level":"debug","message":"Found 6 categories.","timestamp":"2017-11-22T11:40:36.493Z"}
{"level":"debug","message":"createCategory [object Object]","timestamp":"2017-11-22T11:41:38.090Z"}
{"name":"dió","checked":0,"description":"dió jdfkj\ndsfdksflk","style":{"cardBackGroundColor":"green","cardBackGroundColorClass":"green","cardForeGroundColor":"white","cardForeGroundColorClass":"white-foreground","cardFontName":"sans-serif","cardFontSize":"14"},"level":"debug","message":"","timestamp":"2017-11-22T11:41:38.091Z"}
{"level":"debug","message":"Saving new category...","timestamp":"2017-11-22T11:41:38.092Z"}
{"level":"debug","message":"New category has been successfully saved with id 1511350898092.","timestamp":"2017-11-22T11:41:38.096Z"}
{"level":"debug","message":"Retrieving every category...","timestamp":"2017-11-22T11:41:38.108Z"}
{"level":"debug","message":"Found 7 categories.","timestamp":"2017-11-22T11:41:38.109Z"}
{"level":"debug","message":"apiRoot=/category","timestamp":"2017-11-22T11:44:50.965Z"}
{"level":"info","message":"Categories API initialized.","timestamp":"2017-11-22T11:44:50.998Z"}
{"level":"info","message":"Database has been initialized successfully.","timestamp":"2017-11-22T11:44:51.022Z"}
{"level":"info","message":"Server started on port 3000 successfully.","timestamp":"2017-11-22T11:44:51.031Z"}
{"level":"debug","message":"Update category...","timestamp":"2017-11-22T11:45:04.211Z"}
{"level":"debug","message":"Retrieving every category...","timestamp":"2017-11-22T11:45:04.240Z"}
{"level":"debug","message":"Found 7 categories.","timestamp":"2017-11-22T11:45:04.242Z"}
{"level":"debug","message":"apiRoot=/category","timestamp":"2017-11-22T11:46:41.032Z"}
{"level":"info","message":"Categories API initialized.","timestamp":"2017-11-22T11:46:41.065Z"}
{"level":"info","message":"Database has been initialized successfully.","timestamp":"2017-11-22T11:46:41.088Z"}
{"level":"info","message":"Server started on port 3000 successfully.","timestamp":"2017-11-22T11:46:41.098Z"}
{"level":"debug","message":"apiRoot=/category","timestamp":"2017-11-22T11:46:44.288Z"}
{"level":"info","message":"Categories API initialized.","timestamp":"2017-11-22T11:46:44.323Z"}
{"level":"info","message":"Database has been initialized successfully.","timestamp":"2017-11-22T11:46:44.351Z"}
{"level":"info","message":"Server started on port 3000 successfully.","timestamp":"2017-11-22T11:46:44.359Z"}
{"level":"debug","message":"Retrieving every category...","timestamp":"2017-11-22T11:46:49.164Z"}
{"level":"debug","message":"Retrieving every category...","timestamp":"2017-11-22T11:46:49.167Z"}
{"level":"debug","message":"Found 7 categories.","timestamp":"2017-11-22T11:46:49.169Z"}
{"level":"debug","message":"Found 7 categories.","timestamp":"2017-11-22T11:46:49.173Z"}
{"level":"debug","message":"Update category...","timestamp":"2017-11-22T11:46:59.233Z"}
{"level":"debug","message":"Retrieving every category...","timestamp":"2017-11-22T11:46:59.250Z"}
{"level":"debug","message":"Found 7 categories.","timestamp":"2017-11-22T11:46:59.251Z"}
{"level":"debug","message":"createCategory [object Object]","timestamp":"2017-11-22T11:47:43.463Z"}
{"name":"dió5","checked":0,"description":"dfdsfsd","style":{"cardBackGroundColor":"green","cardBackGroundColorClass":"green","cardForeGroundColor":"white","cardForeGroundColorClass":"white-foreground","cardFontName":"sans-serif","cardFontSize":"14"},"level":"debug","message":"","timestamp":"2017-11-22T11:47:43.463Z"}
{"level":"debug","message":"Saving new category...","timestamp":"2017-11-22T11:47:43.464Z"}
{"level":"debug","message":"New category has been successfully saved with id 1511351263464.","timestamp":"2017-11-22T11:47:43.465Z"}
{"level":"debug","message":"Retrieving every category...","timestamp":"2017-11-22T11:47:43.480Z"}
{"level":"debug","message":"Found 8 categories.","timestamp":"2017-11-22T11:47:43.480Z"}
